<?xml version="1.0" encoding="UTF-8"?>
<!-- Generated by org.testng.reporters.JUnitReportReporter -->
<testsuite hostname="LIN-CVRMBK3" failures="0" tests="2" name="com.capgemini.tests.TC_003_Delete" time="12.212" errors="0" timestamp="2025-06-19T12:30:04 IST" skipped="0">
  <testcase classname="com.capgemini.tests.TC_003_Delete" name="testLogin" time="10.222">
    <system-out>
      <![CDATA[Clicked on StartHere
Entered Email
Entered Password
Click on login
Click on Companies]]>
    </system-out>
  </testcase> <!-- testLogin -->
  <testcase classname="com.capgemini.tests.TC_003_Delete" name="testDelete" time="1.990">
    <system-out>
      <![CDATA[Clicked on DeleteButton
Clicked on Delete]]>
    </system-out>
  </testcase> <!-- testDelete -->
  <system-out>
    <![CDATA[Clicked on StartHere
Entered Email
Entered Password
Click on login
Click on Companies
Click on Create Button
Enter Company
Enter Industry
Upload file
File uploaded successfully!
Click on Save
Clicked on StartHere
Entered Email
Entered Password
Click on login
Click on Companies
Click on Edit Button
Updated the Name
Updated the Industry
Save the Company
Click on the Companies
Browser closed successfully
Test completed successfully
Clicked on StartHere
Entered Email
Entered Password
Click on login
Click on Companies
Clicked on DeleteButton
Clicked on Delete
Browser closed successfully
Test completed successfully
Clicked on StartHere
Entered Email
Entered Password
Click on login
Click on Companies
Clicked on ShowFilters
Clicked on Search
Clicked on SearchDropdown
Clicked on Operator
Clicked on OperatorDropdown
Clicked on ValueButton
Entered Value
Clicked on Search Filter
Browser closed successfully
Test completed successfully
Clicked on StartHere
Entered Email
Entered Password
Click on login
Click on Companies
Company Profile Viewed
Clicked on Events
Clicked On Add New Event
Entered the Name
Clicked on Category
Clicked on Social
Clicked on AllDay
Clicked on SaveButton
Browser closed successfully
Test completed successfully
Clicked on StartHere
Entered Email
Entered Password
Click on login
Click on Companies
Clicked on Create
Clicked on Save
Browser closed successfully
Test completed successfully
Browser closed successfully
Test completed successfully]]>
  </system-out>
</testsuite> <!-- com.capgemini.tests.TC_003_Delete -->
