<?xml version="1.0" encoding="UTF-8"?>
<!-- Generated by org.testng.reporters.JUnitReportReporter -->
<testsuite hostname="LIN-CVRMBK3" failures="0" tests="2" name="com.capgemini.tests.TC_004" time="12.278" errors="0" timestamp="2025-06-19T18:02:46 IST" skipped="0">
  <testcase classname="com.capgemini.tests.TC_004" name="testFilter" time="3.180">
    <system-out>
      <![CDATA[Clicked on ShowFilters
Clicked on Search
Clicked on SearchDropdown
Clicked on Operator
Clicked on OperatorDropdown
Clicked on ValueButton
Entered Value
Clicked on Search Filter]]>
    </system-out>
  </testcase> <!-- testFilter -->
  <testcase classname="com.capgemini.tests.TC_004" name="testLogin" time="9.098">
    <system-out>
      <![CDATA[Clicked on StartHere
Entered Email
Entered Password
Click on login
Click on Companies]]>
    </system-out>
  </testcase> <!-- testLogin -->
  <system-out>
    <![CDATA[Clicked on StartHere
Entered Email
Entered Password
Click on login
Click on Companies
Clicked on ShowFilters
Clicked on Search
Clicked on SearchDropdown
Clicked on Operator
Clicked on OperatorDropdown
Clicked on ValueButton
Entered Value
Clicked on Search Filter
Browser closed successfully
Test completed successfully]]>
  </system-out>
</testsuite> <!-- com.capgemini.tests.TC_004 -->
