<?xml version="1.0" encoding="UTF-8"?>
<!-- Generated by org.testng.reporters.JUnitReportReporter -->
<testsuite hostname="LIN-CVRMBK3" failures="0" tests="2" name="com.capgemini.tests.Test" time="17.808" errors="0" timestamp="2025-06-12T09:02:57 IST" skipped="0">
  <testcase classname="com.capgemini.tests.Test" name="LoginToCrm" time="12.310"/>
  <testcase classname="com.capgemini.tests.Test" name="addNewCompany" time="5.498"/>
</testsuite> <!-- com.capgemini.tests.Test -->
