<?xml version="1.0" encoding="UTF-8"?>
<!-- Generated by org.testng.reporters.JUnitReportReporter -->
<testsuite hostname="LIN-CVRMBK3" failures="0" tests="3" name="com.capgemini.tests.TestExtentReport" time="0.046" errors="0" timestamp="2025-06-12T10:41:47 IST" skipped="1">
  <testcase classname="com.capgemini.tests.TestExtentReport" name="passedTest" time="0.014"/>
  <testcase classname="com.capgemini.tests.TestExtentReport" name="failedTest" time="0.028"/>
  <testcase classname="com.capgemini.tests.TestExtentReport" name="skippedTest" time="0.004">
    <skipped/>
  </testcase> <!-- skippedTest -->
</testsuite> <!-- com.capgemini.tests.TestExtentReport -->
